accerciser
acpi
acpid
aisleriot
alsa-firmware
alsa-utils
android-tools
android-udev
anjuta
arandr
ark
atomix
autoconf
automake
avahi
b43-fwcutter
baobab
bash
bijiben
binutils
bison
bluedevil
brasero
breeze
breeze-gtk
breeze-kde4
btrfs-progs
bzip2
cantata
cdparanoia
cdrdao
chromium
cmake
coreutils
cpupower
crda
cronie
cryptsetup
cups
cups-pdf
cups-pk-helper
dconf-editor
devhelp
device-mapper
dhclient
dhcpcd
diffutils
dmidecode
dmraid
dnsmasq
dolphin
dolphin-plugins
dosfstools
dvd+rw-tools
e2fsprogs
ecryptfs-utils
efibootmgr
emacs
emovix
empathy
eog
epiphany
etcher
evince
evolution
exfat-utils
extra-cmake-modules
f2fs-tools
fakeroot
fd
ffmpeg
ffmpegthumbs
file
file-roller
filelight
filesystem
findutils
five-or-more
flatpak
flex
four-in-a-row
gawk
gcc
gcc-libs
gdm
gedit
gedit-code-assistance
gettext
ghostscript
gimp
git
gitg
glibc
gnome-2048
gnome-backgrounds
gnome-builder
gnome-calculator
gnome-calendar
gnome-characters
gnome-chess
gnome-clocks
gnome-code-assistance
gnome-contacts
gnome-control-center
gnome-devel-docs
gnome-dictionary
gnome-disk-utility
gnome-documents
gnome-font-viewer
gnome-getting-started-docs
gnome-icon-theme
gnome-keyring
gnome-klotski
gnome-logs
gnome-mahjongg
gnome-maps
gnome-mines
gnome-music
gnome-nettool
gnome-nibbles
gnome-photos
gnome-robots
gnome-screenshot
gnome-session
gnome-settings-daemon
gnome-shell
gnome-shell-extensions
gnome-sound-recorder
gnome-sudoku
gnome-system-monitor
gnome-taquin
gnome-terminal
gnome-tetravex
gnome-themes-extra
gnome-todo
gnome-tweaks
gnome-user-docs
gnome-user-share
gnome-weather
go
gopass
grep
grilo-plugins
grub
gsfonts
gst-libav
gst-plugins-bad
gst-plugins-base
gst-plugins-good
gst-plugins-ugly
gtk-theme-breath
gtk3
gucharmap
gvfs
gvfs-afc
gvfs-goa
gvfs-google
gvfs-gphoto2
gvfs-mtp
gvfs-nfs
gvfs-smb
gwenview
gzip
haveged
hitori
hplip
htop
iagno
imagewriter
inetutils
inkscape
intel-ucode
intellij-idea-community-edition
inxi
iproute2
iptables
iputils
ipw2100-fw
ipw2200-fw
jdk8-openjdk
jfsutils
jq
jre8-openjdk
k3b
kaccounts-providers
kamera
kate
kcalc
kde-gtk-config
kde-servicemenus-rootactions
kdeconnect
kdegraphics-thumbnailers
kdenetwork-filesharing
kdeplasma-addons
keditbookmarks
keyboardctl
kfind
kgamma5
kget
khelpcenter
kimageformats
kinfocenter
kio-extras
kmenuedit
konsole
konversation
krita
kscreen
kscreenlocker
ksshaskpass
ksysguard
ksystemlog
kwallet-pam
kwalletmanager
kwayland-integration
kwin
kwrite
kwrited
lastpass-cli
less
lib32-flex
lib32-libcanberra
lib32-libcanberra-pulse
lib32-mesa-demos
lib32-vulkan-intel
libcanberra
libcanberra-gstreamer
libcanberra-pulse
libdvdcss
libgnome-games-support
libreoffice-still
libtool
libva-mesa-driver
licenses
lightsoff
linux-firmware
linux414
logrotate
lsb-release
lvm2
m4
make
man-db
man-pages
manjaro-alsa
manjaro-browser-settings
manjaro-documentation-en
manjaro-firmware
manjaro-hello
manjaro-hotfixes
manjaro-kde-settings
manjaro-pulse
manjaro-release
manjaro-settings-manager-kcm
manjaro-settings-manager-knotifier
manjaro-system
mariadb
mdadm
memtest86+
mesa-demos
mhwd
mhwd-db
milou
mkinitcpio-openswap
mobile-broadband-provider-info
modemmanager
mousetweaks
mpd
ms-office-online
mtpfs
mutter
nano
nautilus-typeahead
networkmanager
networkmanager-dispatcher-ntpd
networkmanager-openconnect
networkmanager-openvpn
networkmanager-pptp
networkmanager-vpnc
nfs-utils
noto-fonts
noto-fonts-emoji
npm
nss-mdns
ntfs-3g
ntp
octopi
octopi-cachecleaner
octopi-notifier-frameworks
octopi-repoeditor
okular
openresolv
openssh
orca
os-prober
oxygen
oxygen-icons
oxygen-kde4
p7zip
pacaur
pacman
partitionmanager
patch
patchutils
pavucontrol
pciutils
pepper-flash
perl
perl-file-mimeinfo
perl-uri
phonon-qt4-gstreamer
phonon-qt5-gstreamer
pkgconf
plasma-desktop
plasma-nm
plasma-pa
plasma-wayland-session
plasma-workspace
plasma-workspace-wallpapers
plasma5-themes-breath
playerctl
polari
poppler-data
postgresql
powerdevil
powertop
prettier
print-manager
procps-ng
psmisc
pulseaudio-bluetooth
pulseaudio-ctl
pulseaudio-zeroconf
pwgen
pyqt5-common
python-pillow
python-pip
python-pyqt5
python-pysmbc
python-reportlab
qbittorrent
qt5-imageformats
qt5-virtualkeyboard
quadrapassel
r
reiserfsprogs
rsync
ruby
rygel
s-nail
samba
screenfetch
sddm
sddm-breath-theme
sddm-kcm
seahorse
sed
shadow
skanlite
sni-qt
spectacle
splix
sshfs
steam-manjaro
subversion
sudo
sushi
swell-foop
sysfsutils
system-config-printer
systemd-kcm
systemd-sysvcompat
systemsettings
tali
tar
terminus-font
texinfo
thunderbird
tlp
totem
tracker
tracker-miners
transcode
tree
ttf-bitstream-vera
ttf-droid
ttf-inconsolata
ttf-indic-otf
ttf-liberation
udiskie
udisks2
unrar
usb_modeswitch
usbutils
user-manager
util-linux
vcdimager
vi
vim
vinagre
vino
vlc-nightly
vulkan-intel
wget
which
wpa_supplicant
xdg-desktop-portal
xdg-desktop-portal-kde
xdg-su
xdg-user-dirs
xdg-user-dirs-gtk
xdg-utils
xf86-input-elographics
xf86-input-evdev
xf86-input-keyboard
xf86-input-libinput
xf86-input-mouse
xf86-input-void
xf86-video-intel
xfsprogs
xorg-server
xorg-twm
xorg-xinit
yakuake
yelp
zsh
