git@github.com:grug/boozr.git
git@github.com:KateR-S/utils.git
git@github.com:ovotech/andromeda-analytics.git
git@github.com:ovotech/andromeda-glossary.git
git@github.com:ovotech/consumption-charges-api.git
git@github.com:ovotech/contracts-api.git
git@github.com:ovotech/ds-viewer.git
git@github.com:ovotech/energy-contracts-crons.git
git@github.com:ovotech/energy-contracts-event-log.git
git@github.com:ovotech/losses-api.git
git@github.com:ovotech/losses-crons.git
git@github.com:ovotech/losses-infra.git
git@github.com:ovotech/losses-pipeline.git
git@github.com:ovotech/losses-secrets.git
git@github.com:ovotech/standing-charges-service.git
git@github.com:siwally/clojure-projects.git
/home/k8/.cache/pacaur/kafkacat-git/kafkacat
https://aur.archlinux.org/etcher.git
https://aur.archlinux.org/google-chrome.git
https://aur.archlinux.org/google-cloud-sdk.git
https://aur.archlinux.org/haskell-nats.git
https://aur.archlinux.org/haskell-semigroups.git
https://aur.archlinux.org/kafkacat-git.git
https://aur.archlinux.org/librdkafka-git.git
https://aur.archlinux.org/nvm.git
https://aur.archlinux.org/postman-bin.git
https://aur.archlinux.org/rstudio-desktop-git.git
https://aur.archlinux.org/slack-desktop.git
https://aur.archlinux.org/spotify.git
https://aur.archlinux.org/visual-studio-code-bin.git
https://aur.archlinux.org/woeusb-git.git
https://aur.archlinux.org/zd1211-firmware.git
https://code.googlesource.com/gocloud
https://code.googlesource.com/google-api-go-client
https://github.com/cask/cask.git
https://github.com/census-instrumentation/opencensus-go
https://github.com/creationix/nvm.git
https://github.com/edenhill/kafkacat
https://github.com/edenhill/librdkafka
https://github.com/emacs-helm/helm
https://github.com/fatih/color
https://github.com/golang/protobuf
https://github.com/googleapis/gax-go
https://github.com/google/go-genproto
https://github.com/grpc/grpc-go
https://github.com/melpa/melpa.git
https://github.com/nshmura/dsio
https://github.com/rstudio/rstudio.git
https://github.com/slacka/WoeUSB.git
https://github.com/syl20bnr/spacemacs
https://github.com/urfave/cli
https://go.googlesource.com/net
https://go.googlesource.com/oauth2
https://go.googlesource.com/text
https://gopkg.in/yaml.v2
